<?xml version="1.0" encoding="UTF-8"?>
<!-- Generated by org.testng.reporters.JUnitReportReporter -->
<testsuite hostname="WINDOWS-RUI5EIS" name="com.jth.autopilot.test.google.WikipediaSearchTest" tests="1" failures="0" timestamp="24 Oct 2016 22:05:40 GMT" time="8.405" errors="0">
  <testcase name="testSearchButton" time="8.405" classname="com.jth.autopilot.test.google.WikipediaSearchTest"/>
</testsuite> <!-- com.jth.autopilot.test.google.WikipediaSearchTest -->
