<?xml version="1.0" encoding="UTF-8"?>
<!-- Generated by org.testng.reporters.JUnitReportReporter -->
<testsuite hostname="WINDOWS-RUI5EIS" name="com.jth.autopilot.test.wikipedia.WikipediaSearchTest" tests="1" failures="0" timestamp="24 Oct 2016 22:09:51 GMT" time="8.876" errors="0">
  <testcase name="testSearchButton" time="8.876" classname="com.jth.autopilot.test.wikipedia.WikipediaSearchTest"/>
</testsuite> <!-- com.jth.autopilot.test.wikipedia.WikipediaSearchTest -->
